Start testing: Jan 15 18:47 W. Europe Standard Time
----------------------------------------------------------
1/3 Testing: VectorTests
1/3 Test: VectorTests
Command: "C:/Users/miksh/Documents/GitHub/MySTL/build/Debug/tests_vector.exe"
Directory: C:/Users/miksh/Documents/GitHub/MySTL/build
"VectorTests" start time: Jan 15 18:47 W. Europe Standard Time
Output:
----------------------------------------------------------
Randomness seeded to: 3191425676
===============================================================================
All tests passed (57 assertions in 25 test cases)

<end of output>
Test time =   0.06 sec
----------------------------------------------------------
Test Passed.
"VectorTests" end time: Jan 15 18:47 W. Europe Standard Time
"VectorTests" time elapsed: 00:00:00
----------------------------------------------------------

End testing: Jan 15 18:47 W. Europe Standard Time
